0 info it worked if it ends with ok
1 verbose cli [ 'F:\\Program Files\\nodejs\\node.exe',
1 verbose cli   'F:\\Program Files\\nodejs\\node_modules\\npm\\bin\\npm-cli.js',
1 verbose cli   'start' ]
2 info using npm@3.10.10
3 info using node@v6.11.1
4 verbose run-script [ 'prestart', 'start', 'poststart' ]
5 info lifecycle confusion@1.0.0~prestart: confusion@1.0.0
6 silly lifecycle confusion@1.0.0~prestart: no script for prestart, continuing
7 info lifecycle confusion@1.0.0~start: confusion@1.0.0
8 verbose lifecycle confusion@1.0.0~start: unsafe-perm in lifecycle true
9 verbose lifecycle confusion@1.0.0~start: PATH: F:\Program Files\nodejs\node_modules\npm\bin\node-gyp-bin;D:\Coursera\BootStrap Course\Bootstrap4\conFusion\node_modules\.bin;C:\ProgramData\Oracle\Java\javapath;F:\Program Files\Java\jdk1.8.0_131\bin;C:\Windows\system32;C:\Windows;C:\Windows\System32\Wbem;C:\Windows\System32\WindowsPowerShell\v1.0\;F:\Program Files\nodejs\;D:\Android\Sdk\tools;D:\Android\Sdk\platform-tools;E:\Downloads\Executables\gradle-4.0.1-bin\gradle-4.0.1\bin;C:\Program Files\Microsoft SQL Server\130\Tools\Binn\;C:\Program Files\dotnet\;F:\Program Files\Git\cmd;C:\Users\Sarim\AppData\Roaming\npm
10 verbose lifecycle confusion@1.0.0~start: CWD: D:\Coursera\BootStrap Course\Bootstrap4\conFusion
11 silly lifecycle confusion@1.0.0~start: Args: [ '/d /s /c', 'npm run watch:all' ]
12 silly lifecycle confusion@1.0.0~start: Returned: code: 1  signal: null
13 info lifecycle confusion@1.0.0~start: Failed to exec start script
14 verbose stack Error: confusion@1.0.0 start: `npm run watch:all`
14 verbose stack Exit status 1
14 verbose stack     at EventEmitter.<anonymous> (F:\Program Files\nodejs\node_modules\npm\lib\utils\lifecycle.js:255:16)
14 verbose stack     at emitTwo (events.js:106:13)
14 verbose stack     at EventEmitter.emit (events.js:191:7)
14 verbose stack     at ChildProcess.<anonymous> (F:\Program Files\nodejs\node_modules\npm\lib\utils\spawn.js:40:14)
14 verbose stack     at emitTwo (events.js:106:13)
14 verbose stack     at ChildProcess.emit (events.js:191:7)
14 verbose stack     at maybeClose (internal/child_process.js:891:16)
14 verbose stack     at Process.ChildProcess._handle.onexit (internal/child_process.js:226:5)
15 verbose pkgid confusion@1.0.0
16 verbose cwd D:\Coursera\BootStrap Course\Bootstrap4\conFusion
17 error Windows_NT 6.1.7601
18 error argv "F:\\Program Files\\nodejs\\node.exe" "F:\\Program Files\\nodejs\\node_modules\\npm\\bin\\npm-cli.js" "start"
19 error node v6.11.1
20 error npm  v3.10.10
21 error code ELIFECYCLE
22 error confusion@1.0.0 start: `npm run watch:all`
22 error Exit status 1
23 error Failed at the confusion@1.0.0 start script 'npm run watch:all'.
23 error Make sure you have the latest version of node.js and npm installed.
23 error If you do, this is most likely a problem with the confusion package,
23 error not with npm itself.
23 error Tell the author that this fails on your system:
23 error     npm run watch:all
23 error You can get information on how to open an issue for this project with:
23 error     npm bugs confusion
23 error Or if that isn't available, you can get their info via:
23 error     npm owner ls confusion
23 error There is likely additional logging output above.
24 verbose exit [ 1, true ]
